#
# There is insufficient memory for the Java Runtime Environment to continue.
# Native memory allocation (mmap) failed to map 134217728 bytes for Failed to commit area from 0x0000000080400000 to 0x0000000088400000 of length 134217728.
# Possible reasons:
#   The system is out of physical RAM or swap space
#   The process is running with CompressedOops enabled, and the Java Heap may be blocking the growth of the native heap
# Possible solutions:
#   Reduce memory load on the system
#   Increase physical memory or swap space
#   Check if swap backing store is full
#   Decrease Java heap size (-Xmx/-Xms)
#   Decrease number of Java threads
#   Decrease Java thread stack sizes (-Xss)
#   Set larger code cache with -XX:ReservedCodeCacheSize=
# This output file may be truncated or incomplete.
#
#  Out of Memory Error (t:/workspace/open/src/hotspot/os/windows/os_windows.cpp:3264), pid=11420, tid=7904
#
# JRE version:  (12.0.2+10) (build )
# Java VM: Java HotSpot(TM) 64-Bit Server VM (12.0.2+10, mixed mode, aot, sharing, tiered, compressed oops, g1 gc, windows-amd64)
# No core dump will be written. Minidumps are not enabled by default on client versions of Windows
#

---------------  S U M M A R Y ------------

Command Line: -Dfile.encoding=UTF-8 pelotabota.gui.VentanaPrincipal

Host: Intel(R) Core(TM) i5-2320 CPU @ 3.00GHz, 4 cores, 7G,  Windows 10 , 64 bit Build 17763 (10.0.17763.475)
Time: Wed Oct 20 20:23:49 2021 Hora de verano romance elapsed time: 0 seconds (0d 0h 0m 0s)

---------------  T H R E A D  ---------------

Current thread (0x000001e412b99000):  JavaThread "Unknown thread" [_thread_in_vm, id=7904, stack(0x00000072b2000000,0x00000072b2100000)]

Stack: [0x00000072b2000000,0x00000072b2100000]
Native frames: (J=compiled Java code, j=interpreted, Vv=VM code, C=native code)
V  [jvm.dll+0x63aa2a]
V  [jvm.dll+0x78ce1e]
V  [jvm.dll+0x78e4c1]
V  [jvm.dll+0x78eb13]
V  [jvm.dll+0x2627e8]
V  [jvm.dll+0x637f5a]
V  [jvm.dll+0x62c845]
V  [jvm.dll+0x31e49c]
V  [jvm.dll+0x31e2cf]
V  [jvm.dll+0x324006]
V  [jvm.dll+0x371f56]
V  [jvm.dll+0x371720]
V  [jvm.dll+0x2f845a]
V  [jvm.dll+0x2f96d2]
V  [jvm.dll+0x767267]
V  [jvm.dll+0x7689f5]
V  [jvm.dll+0x380059]
V  [jvm.dll+0x74b794]
V  [jvm.dll+0x3ef5cd]
V  [jvm.dll+0x3f1471]
C  [jli.dll+0x51cf]
C  [ucrtbase.dll+0x2268a]
C  [KERNEL32.DLL+0x17974]
C  [ntdll.dll+0x5a0b1]


---------------  P R O C E S S  ---------------

Threads class SMR info:
_java_thread_list=0x00007ffcb80f7928, length=0, elements={
}

Java Threads: ( => current thread )

Other Threads:
  0x000001e412bd7800 GCTaskThread "GC Thread#0" [stack: 0x00000072b2100000,0x00000072b2200000] [id=18892]
  0x000001e412be5000 ConcurrentGCThread "G1 Main Marker" [stack: 0x00000072b2200000,0x00000072b2300000] [id=22032]
  0x000001e412be9800 ConcurrentGCThread "G1 Conc#0" [stack: 0x00000072b2300000,0x00000072b2400000] [id=11052]

[error occurred during error reporting (printing all threads), id 0xc0000005, EXCEPTION_ACCESS_VIOLATION (0xc0000005) at pc=0x00007ffcb79285e7]

VM state:not at safepoint (not fully initialized)

VM Mutex/Monitor currently owned by a thread:  ([mutex/lock_event])
[0x000001e412b93cf0] Heap_lock - owner thread: 0x000001e412b99000

Heap address: 0x0000000080400000, size: 2044 MB, Compressed Oops mode: Non-zero based: 0x0000000080400000
Narrow klass base: 0x0000000000000000, Narrow klass shift: 0

GC Heap History (0 events):
No events

Deoptimization events (0 events):
No events

Classes redefined (0 events):
No events

Internal exceptions (0 events):
No events

Events (0 events):
No events


Dynamic libraries:
0x00007ff6309b0000 - 0x00007ff6309bf000 	C:\Program Files\Java\jdk-12.0.2\bin\java.exe
0x00007ffd1c4b0000 - 0x00007ffd1c69d000 	C:\WINDOWS\SYSTEM32\ntdll.dll
0x00007ffd1c3c0000 - 0x00007ffd1c473000 	C:\WINDOWS\System32\KERNEL32.DLL
0x00007ffd187b0000 - 0x00007ffd18a45000 	C:\WINDOWS\System32\KERNELBASE.dll
0x00007ffd195d0000 - 0x00007ffd196ca000 	C:\WINDOWS\System32\ucrtbase.dll
0x00007ffd0ca50000 - 0x00007ffd0ca68000 	C:\Program Files\Java\jdk-12.0.2\bin\jli.dll
0x00007ffd11e10000 - 0x00007ffd11e26000 	C:\Program Files\Java\jdk-12.0.2\bin\VCRUNTIME140.dll
0x00007ffd1b1c0000 - 0x00007ffd1b263000 	C:\WINDOWS\System32\ADVAPI32.dll
0x00007ffd1b5e0000 - 0x00007ffd1b67e000 	C:\WINDOWS\System32\msvcrt.dll
0x00007ffd1b120000 - 0x00007ffd1b1be000 	C:\WINDOWS\System32\sechost.dll
0x00007ffd1c290000 - 0x00007ffd1c3b2000 	C:\WINDOWS\System32\RPCRT4.dll
0x00007ffd1bd10000 - 0x00007ffd1bea7000 	C:\WINDOWS\System32\USER32.dll
0x00007ffd19410000 - 0x00007ffd19430000 	C:\WINDOWS\System32\win32u.dll
0x00007ffd1b0f0000 - 0x00007ffd1b119000 	C:\WINDOWS\System32\GDI32.dll
0x00007ffd19430000 - 0x00007ffd195cc000 	C:\WINDOWS\System32\gdi32full.dll
0x00007ffd11970000 - 0x00007ffd11be9000 	C:\WINDOWS\WinSxS\amd64_microsoft.windows.common-controls_6595b64144ccf1df_6.0.17763.1577_none_de7444545348a3d0\COMCTL32.dll
0x00007ffd186c0000 - 0x00007ffd18760000 	C:\WINDOWS\System32\msvcp_win.dll
0x00007ffd198c0000 - 0x00007ffd19bed000 	C:\WINDOWS\System32\combase.dll
0x00007ffd19390000 - 0x00007ffd1940e000 	C:\WINDOWS\System32\bcryptPrimitives.dll
0x00007ffd121e0000 - 0x00007ffd121ea000 	C:\WINDOWS\SYSTEM32\VERSION.dll
0x00007ffd1b330000 - 0x00007ffd1b35e000 	C:\WINDOWS\System32\IMM32.DLL
0x00007ffcd9d30000 - 0x00007ffcd9dda000 	C:\Program Files\Java\jdk-12.0.2\bin\msvcp140.dll
0x00007ffcb7620000 - 0x00007ffcb8197000 	C:\Program Files\Java\jdk-12.0.2\bin\server\jvm.dll
0x00007ffd1b270000 - 0x00007ffd1b278000 	C:\WINDOWS\System32\PSAPI.DLL
0x00007ffd14300000 - 0x00007ffd14324000 	C:\WINDOWS\SYSTEM32\WINMM.dll
0x00007ffd02290000 - 0x00007ffd02299000 	C:\WINDOWS\SYSTEM32\WSOCK32.dll
0x00007ffd1b510000 - 0x00007ffd1b57d000 	C:\WINDOWS\System32\WS2_32.dll
0x00007ffd141b0000 - 0x00007ffd141dd000 	C:\WINDOWS\SYSTEM32\WINMMBASE.dll
0x00007ffd18760000 - 0x00007ffd187aa000 	C:\WINDOWS\System32\cfgmgr32.dll
0x00007ffd18510000 - 0x00007ffd18521000 	C:\WINDOWS\System32\kernel.appcore.dll
0x00007ffd0ca00000 - 0x00007ffd0ca11000 	C:\Program Files\Java\jdk-12.0.2\bin\verify.dll
0x00007ffd17d60000 - 0x00007ffd17f4d000 	C:\WINDOWS\SYSTEM32\DBGHELP.DLL
0x00007ffd17d30000 - 0x00007ffd17d5a000 	C:\WINDOWS\SYSTEM32\dbgcore.DLL
0x00007ffd0b440000 - 0x00007ffd0b466000 	C:\Program Files\Java\jdk-12.0.2\bin\java.dll
0x00007ffd08700000 - 0x00007ffd08717000 	C:\Program Files\Java\jdk-12.0.2\bin\zip.dll
0x00007ffd17f70000 - 0x00007ffd17f7a000 	C:\Program Files\Java\jdk-12.0.2\bin\jimage.dll

dbghelp: loaded successfully - version: 4.0.5 - missing functions: none
symbol engine: initialized successfully - sym options: 0x614 - pdb path: .;C:\Program Files\Java\jdk-12.0.2\bin;C:\WINDOWS\SYSTEM32;C:\WINDOWS\WinSxS\amd64_microsoft.windows.common-controls_6595b64144ccf1df_6.0.17763.1577_none_de7444545348a3d0;C:\Program Files\Java\jdk-12.0.2\bin\server

VM Arguments:
jvm_args: -Dfile.encoding=UTF-8 
java_command: pelotabota.gui.VentanaPrincipal
java_class_path (initial): C:\Users\Eduardo\Documents\NetBeansProjects\PelotaBota\build\classes
Launcher Type: SUN_STANDARD

[Global flags]
     intx CICompilerCount                          = 3                                         {product} {ergonomic}
     uint ConcGCThreads                            = 1                                         {product} {ergonomic}
     uint G1ConcRefinementThreads                  = 4                                         {product} {ergonomic}
   size_t G1HeapRegionSize                         = 1048576                                   {product} {ergonomic}
    uintx GCDrainStackTargetSize                   = 64                                        {product} {ergonomic}
   size_t InitialHeapSize                          = 134217728                                 {product} {ergonomic}
   size_t MarkStackSize                            = 4194304                                   {product} {ergonomic}
   size_t MaxHeapSize                              = 2143289344                                {product} {ergonomic}
   size_t MinHeapDeltaBytes                        = 1048576                                   {product} {ergonomic}
    uintx NonNMethodCodeHeapSize                   = 5830732                                {pd product} {ergonomic}
    uintx NonProfiledCodeHeapSize                  = 122913754                              {pd product} {ergonomic}
    uintx ProfiledCodeHeapSize                     = 122913754                              {pd product} {ergonomic}
    uintx ReservedCodeCacheSize                    = 251658240                              {pd product} {ergonomic}
     bool SegmentedCodeCache                       = true                                      {product} {ergonomic}
     bool UseCompressedClassPointers               = true                                 {lp64_product} {ergonomic}
     bool UseCompressedOops                        = true                                 {lp64_product} {ergonomic}
     bool UseG1GC                                  = true                                      {product} {ergonomic}
     bool UseLargePagesIndividualAllocation        = false                                  {pd product} {ergonomic}

Logging:
Log output configuration:
 #0: stdout all=warning uptime,level,tags
 #1: stderr all=off uptime,level,tags

Environment Variables:
JAVA_HOME=C:\Program Files\Java\jdk1.8.0_111
PATH=C:\Python38\Scripts\;C:\Python38\;C:\Program Files (x86)\Common Files\Oracle\Java\javapath;C:\Program Files (x86)\NVIDIA Corporation\PhysX\Common;C:\ProgramData\Oracle\Java\javapath;C:\Windows\system32;C:\Windows;C:\Windows\System32\Wbem;C:\Windows\System32\WindowsPowerShell\v1.0\;C:\Users\Eduardo\AppData\Local\Smartbar\Application\;C:\Program Files\Microsoft\Web Platform Installer\;C:\Program Files\Common Files\Autodesk Shared\;C:\Program Files (x86)\Microsoft SQL Server\100\Tools\Binn\;C:\Program Files (x86)\Microsoft SQL Server\100\DTS\Binn\;C:\WINDOWS\system32;C:\WINDOWS;C:\WINDOWS\System32\Wbem;C:\WINDOWS\System32\WindowsPowerShell\v1.0\;C:\adb;C:\Program Files\MySQL\MySQL Utilities 1.6\;C:\WINDOWS\system32;C:\WINDOWS;C:\WINDOWS\System32\Wbem;C:\WINDOWS\System32\WindowsPowerShell\v1.0\;C:\Program Files\PuTTY\;C:\WINDOWS\System32\OpenSSH\;C:\Program Files\AutoFirma\AutoFirma;C:\Program Files\Microsoft SQL Server\110\Tools\Binn\;C:\Program Files\nodejs\;C:\ProgramData\chocolatey\bin;C:\Program Files\dotnet\;C:\Users\Eduardo\AppData\Local\Programs\Python\Python36-32\Scripts\;C:\Users\Eduardo\AppData\Local\Programs\Python\Python36-32\;C:\Users\Eduardo\AppData\Local\Microsoft\WindowsApps;C:\Users\Eduardo\AppData\Local\Programs\Microsoft VS Code\bin;C:\Users\Eduardo\AppData\Local\GitHubDesktop\bin;C:\Users\Eduardo\AppData\Local\atom\bin;C:\Users\Eduardo\AppData\Roaming\npm;C:\Users\Eduardo\Downloads\apache-maven-3.6.3-bin\apache-maven-3.6.3\bin;
USERNAME=Eduardo
OS=Windows_NT
PROCESSOR_IDENTIFIER=Intel64 Family 6 Model 42 Stepping 7, GenuineIntel



---------------  S Y S T E M  ---------------

OS: Windows 10 , 64 bit Build 17763 (10.0.17763.475)

CPU:total 4 (initial active 4) (4 cores per cpu, 1 threads per core) family 6 model 42 stepping 7, cmov, cx8, fxsr, mmx, sse, sse2, sse3, ssse3, sse4.1, sse4.2, popcnt, avx, aes, clmul, tsc, tscinvbit

Memory: 4k page, system-wide physical 8174M (1652M free)
TotalPageFile size 12576M (AvailPageFile size 117M)
current process WorkingSet (physical memory assigned to process): 9M, peak: 9M
current process commit charge ("private bytes"): 52M, peak: 179M

vm_info: Java HotSpot(TM) 64-Bit Server VM (12.0.2+10) for windows-amd64 JRE (12.0.2+10), built on Jul 16 2019 01:56:17 by "mach5one" with MS VC++ 15.5 (VS2017)

END.
